Build started 8/18/2015 1:11:40 PM.
     1>Project "C:\Users\Chad\Documents\Visual Studio 2013\Projects\SpaceSimulator\SpaceSimulator\SpaceSimulator.vcxproj" on node 2 (Rebuild target(s)).
     1>ClCompile:
         C:\Program Files (x86)\Microsoft Visual Studio 12.0\VC\bin\CL.exe /c /I"C:\Users\Chad\Documents\Visual Studio 2013\Projects\SpaceSimulator\packages\glm.0.9.6.3\build\native\../..//build/native/include/" /I"C:\Users\Chad\Documents\Visual Studio 2013\Projects\SpaceSimulator\packages\nupengl.core.0.0.0.1\build\native\../..//build/native/include/" /ZI /nologo /W3 /WX- /sdl /Od /Oy- /D _MBCS /Gm /EHsc /RTC1 /MDd /GS /fp:precise /Zc:wchar_t /Zc:forScope /Fo"Debug\\" /Fd"Debug\vc120.pdb" /Gd /TP /analyze- /errorReport:prompt main.cpp
         main.cpp
     1>c:\users\chad\documents\visual studio 2013\projects\spacesimulator\spacesimulator\initglut.h(33): error C2653: 'EngineInterface' : is not a class or namespace name
     1>c:\users\chad\documents\visual studio 2013\projects\spacesimulator\spacesimulator\initglut.h(33): error C2143: syntax error : missing ';' before '*'
     1>c:\users\chad\documents\visual studio 2013\projects\spacesimulator\spacesimulator\initglut.h(33): error C4430: missing type specifier - int assumed. Note: C++ does not support default-int
     1>c:\users\chad\documents\visual studio 2013\projects\spacesimulator\spacesimulator\initglut.h(34): error C2653: 'EngineInterface' : is not a class or namespace name
     1>c:\users\chad\documents\visual studio 2013\projects\spacesimulator\spacesimulator\initglut.h(34): error C2143: syntax error : missing ';' before '*'
     1>c:\users\chad\documents\visual studio 2013\projects\spacesimulator\spacesimulator\initglut.h(34): error C4430: missing type specifier - int assumed. Note: C++ does not support default-int
     1>c:\users\chad\documents\visual studio 2013\projects\spacesimulator\spacesimulator\icontrollistener.h(8): error C2011: 'GraphicsEngine::EngineInterface::IControlListener' : 'class' type redefinition
                 c:\users\chad\documents\visual studio 2013\projects\spacesimulator\spacesimulator\icontrollistener.h(8) : see declaration of 'GraphicsEngine::EngineInterface::IControlListener'
     1>c:\users\chad\documents\visual studio 2013\projects\spacesimulator\spacesimulator\shadermanager.h(22): warning C4290: C++ exception specification ignored except to indicate a function is not __declspec(nothrow)
     1>Done Building Project "C:\Users\Chad\Documents\Visual Studio 2013\Projects\SpaceSimulator\SpaceSimulator\SpaceSimulator.vcxproj" (Rebuild target(s)) -- FAILED.

Build FAILED.

Time Elapsed 00:00:01.43
